<?xml version="1.0" encoding="UTF-8"?>
<!-- Generated by org.testng.reporters.JUnitReportReporter -->
<testsuite hostname="DESKTOP-GUU8GIN" failures="0" tests="2" name="UI_Tests.OrangeHRMLoginTests" time="13.810" errors="0" timestamp="2024-06-18T22:32:01 BST" skipped="0">
  <testcase classname="UI_Tests.OrangeHRMLoginTests" name="InvalidLoginTest" time="8.275"/>
  <testcase classname="UI_Tests.OrangeHRMLoginTests" name="validLoginTest" time="5.535"/>
</testsuite> <!-- UI_Tests.OrangeHRMLoginTests -->
